<?xml version="1.0" encoding="utf-8"?><testsuites name="pytest tests"><testsuite name="pytest" errors="0" failures="0" skipped="0" tests="4" time="5.005" timestamp="2026-08-07T11:33:12.329744+00:00" hostname="agent-env-24bae40e-8d3d-4328-9dd6-5facf1a2a291"><testcase classname="tests.test_bookings" name="test_root" time="0.402" /><testcase classname="tests.test_bookings" name="test_create_booking_and_persist" time="0.351" /><testcase classname="tests.test_bookings" name="test_create_booking_missing_required" time="0.232" /><testcase classname="tests.test_bookings" name="test_get_bookings_returns_list" time="0.220" /></testsuite></testsuites>